

*******************************************************************************
Mon Nov 13 11:20:39 2017


FIT:    data read from "Hash Abierta.dat" using 1:2
        format = x:z
        #datapoints = 29
        residuals are weighted equally (unit weight)

function used for fitting: quick(x)
	quick(x) = a + b + c
fitted parameters initialized with current variable values

iter      chisq       delta/lim  lambda   a             b             c            
   0 8.8219496820e+05   0.00e+00  1.00e+00    1.000000e+00   1.000000e+00   1.000000e+00
   3 2.0077726145e+04  -7.32e-06  1.00e-03    5.847287e+01   5.847287e+01   5.847287e+01

After 3 iterations the fit converged.
final sum of squares of residuals : 20077.7
rel. change during last iteration : -7.324e-11

degrees of freedom    (FIT_NDF)                        : 26
rms of residuals      (FIT_STDFIT) = sqrt(WSSR/ndf)    : 27.7889
variance of residuals (reduced chisquare) = WSSR/ndf   : 772.22

Final set of parameters            Asymptotic Standard Error
=======================            ==========================
a               = 58.4729          +/- 4.466e+16    (7.638e+16%)
b               = 58.4729          +/- 4.732e+16    (8.092e+16%)
c               = 58.4729          +/- 3.828e+16    (6.547e+16%)

correlation matrix of the fit parameters:
                a      b      c      
a               1.000 
b              -0.655  1.000 
c              -0.357 -0.472  1.000 


*******************************************************************************
Mon Nov 13 11:27:08 2017


FIT:    data read from "Secuencial.dat" using 1:2
        format = x:z
        #datapoints = 199
        residuals are weighted equally (unit weight)

function used for fitting: InsDir(x)
	InsDir(x) = a + b*x
fitted parameters initialized with current variable values

iter      chisq       delta/lim  lambda   a             b            
   0 3.5939243256e+10   0.00e+00  4.08e+04    1.000000e+00   1.000000e+00
   7 4.7800739434e+09  -2.94e-02  4.08e-03    6.506202e+03   1.111781e+00

After 7 iterations the fit converged.
final sum of squares of residuals : 4.78007e+09
rel. change during last iteration : -2.94386e-07

degrees of freedom    (FIT_NDF)                        : 197
rms of residuals      (FIT_STDFIT) = sqrt(WSSR/ndf)    : 4925.88
variance of residuals (reduced chisquare) = WSSR/ndf   : 2.42643e+07

Final set of parameters            Asymptotic Standard Error
=======================            ==========================
a               = 6506.2           +/- 701          (10.77%)
b               = 1.11178          +/- 0.01216      (1.093%)

correlation matrix of the fit parameters:
                a      b      
a               1.000 
b              -0.867  1.000 


*******************************************************************************
Mon Nov 13 11:39:20 2017


FIT:    data read from "Binaria.dat" using 1:2
        format = x:z
        #datapoints = 99
        residuals are weighted equally (unit weight)

function used for fitting: quick(x)
	quick(x) = a*x*log(x)+b*x+c
fitted parameters initialized with current variable values

iter      chisq       delta/lim  lambda   a             b             c            
   0 9.8534606057e+12   0.00e+00  1.75e+05    1.000000e+00   1.000000e+00   1.000000e+00
   5 1.5330735204e+09  -6.34e-01  1.75e+00    2.084662e-01  -1.655557e+00  -3.005407e+00

After 5 iterations the fit converged.
final sum of squares of residuals : 1.53307e+09
rel. change during last iteration : -6.34405e-06

degrees of freedom    (FIT_NDF)                        : 96
rms of residuals      (FIT_STDFIT) = sqrt(WSSR/ndf)    : 3996.19
variance of residuals (reduced chisquare) = WSSR/ndf   : 1.59695e+07

Final set of parameters            Asymptotic Standard Error
=======================            ==========================
a               = 0.208466         +/- 0.0862       (41.35%)
b               = -1.65556         +/- 0.9479       (57.25%)
c               = -3.00541         +/- 1667         (5.548e+04%)

correlation matrix of the fit parameters:
                a      b      c      
a               1.000 
b              -1.000  1.000 
c               0.874 -0.886  1.000 
